2022-09-20 18:40:04,898 INFO  [restartedMain] com.ros.inventory.InventoryStockServiceApplication : Starting InventoryStockServiceApplication using Java 17.0.2 on DESKTOP-VAHVOAK with PID 6456 (E:\careerlabs\ROS\inventory\Inventory-Service\target\classes started by ADMIN in E:\careerlabs\ROS\inventory\Inventory-Service)
2022-09-20 18:40:04,903 DEBUG [restartedMain] com.ros.inventory.InventoryStockServiceApplication : Running with Spring Boot v2.4.5, Spring v5.3.6
2022-09-20 18:40:04,903 INFO  [restartedMain] com.ros.inventory.InventoryStockServiceApplication : The following profiles are active: local
2022-09-20 18:40:04,990 INFO  [restartedMain] org.springframework.boot.devtools.env.DevToolsPropertyDefaultsPostProcessor : Devtools property defaults active! Set 'spring.devtools.add-properties' to 'false' to disable
2022-09-20 18:40:04,990 INFO  [restartedMain] org.springframework.boot.devtools.env.DevToolsPropertyDefaultsPostProcessor : For additional web related logging consider setting the 'logging.level.web' property to 'DEBUG'
2022-09-20 18:40:06,826 INFO  [restartedMain] org.springframework.data.repository.config.RepositoryConfigurationDelegate : Bootstrapping Spring Data JPA repositories in DEFAULT mode.
2022-09-20 18:40:07,142 INFO  [restartedMain] org.springframework.data.repository.config.RepositoryConfigurationDelegate : Finished Spring Data repository scanning in 307 ms. Found 7 JPA repository interfaces.
2022-09-20 18:40:07,692 INFO  [restartedMain] org.springframework.cloud.context.scope.GenericScope : BeanFactory id=c80acf75-d7fc-39fd-92f3-a8949e2d97cb
2022-09-20 18:40:08,751 INFO  [restartedMain] org.springframework.boot.web.embedded.tomcat.TomcatWebServer : Tomcat initialized with port(s): 8080 (http)
2022-09-20 18:40:08,766 INFO  [restartedMain] org.apache.catalina.core.StandardService : Starting service [Tomcat]
2022-09-20 18:40:08,766 INFO  [restartedMain] org.apache.catalina.core.StandardEngine : Starting Servlet engine: [Apache Tomcat/9.0.45]
2022-09-20 18:40:08,962 INFO  [restartedMain] org.apache.catalina.core.ContainerBase.[Tomcat].[localhost].[/stock] : Initializing Spring embedded WebApplicationContext
2022-09-20 18:40:08,963 INFO  [restartedMain] org.springframework.boot.web.servlet.context.ServletWebServerApplicationContext : Root WebApplicationContext: initialization completed in 3971 ms
2022-09-20 18:40:09,660 INFO  [restartedMain] org.hibernate.jpa.internal.util.LogHelper : HHH000204: Processing PersistenceUnitInfo [name: default]
2022-09-20 18:40:09,741 INFO  [restartedMain] org.hibernate.Version : HHH000412: Hibernate ORM core version 5.4.30.Final
2022-09-20 18:40:10,007 INFO  [restartedMain] org.hibernate.annotations.common.Version : HCANN000001: Hibernate Commons Annotations {5.1.2.Final}
2022-09-20 18:40:10,282 INFO  [restartedMain] com.zaxxer.hikari.HikariDataSource : HikariPool-1 - Starting...
2022-09-20 18:40:13,505 INFO  [restartedMain] com.zaxxer.hikari.HikariDataSource : HikariPool-1 - Start completed.
2022-09-20 18:40:13,548 INFO  [restartedMain] org.hibernate.dialect.Dialect : HHH000400: Using dialect: org.hibernate.dialect.MySQL8Dialect
2022-09-20 18:41:27,267 INFO  [restartedMain] org.hibernate.engine.transaction.jta.platform.internal.JtaPlatformInitiator : HHH000490: Using JtaPlatform implementation: [org.hibernate.engine.transaction.jta.platform.internal.NoJtaPlatform]
2022-09-20 18:41:27,292 INFO  [restartedMain] org.springframework.orm.jpa.LocalContainerEntityManagerFactoryBean : Initialized JPA EntityManagerFactory for persistence unit 'default'
2022-09-20 18:41:27,387 INFO  [restartedMain] org.springframework.boot.devtools.autoconfigure.OptionalLiveReloadServer : LiveReload server is running on port 35729
2022-09-20 18:41:27,442 WARN  [restartedMain] org.springframework.boot.web.servlet.context.AnnotationConfigServletWebServerApplicationContext : Exception encountered during context initialization - cancelling refresh attempt: org.springframework.beans.factory.BeanCreationException: Error creating bean with name 'inventoryStockServiceApplication': Injection of autowired dependencies failed; nested exception is java.lang.IllegalArgumentException: Could not resolve placeholder 'swagger.url' in value "${swagger.url}"
2022-09-20 18:41:27,442 INFO  [restartedMain] org.springframework.orm.jpa.LocalContainerEntityManagerFactoryBean : Closing JPA EntityManagerFactory for persistence unit 'default'
2022-09-20 18:41:27,449 INFO  [restartedMain] com.zaxxer.hikari.HikariDataSource : HikariPool-1 - Shutdown initiated...
2022-09-20 18:41:27,574 INFO  [restartedMain] com.zaxxer.hikari.HikariDataSource : HikariPool-1 - Shutdown completed.
2022-09-20 18:41:27,591 INFO  [restartedMain] org.apache.catalina.core.StandardService : Stopping service [Tomcat]
2022-09-20 18:41:27,640 INFO  [restartedMain] org.springframework.boot.autoconfigure.logging.ConditionEvaluationReportLoggingListener : 

Error starting ApplicationContext. To display the conditions report re-run your application with 'debug' enabled.
2022-09-20 18:41:27,687 ERROR [restartedMain] org.springframework.boot.SpringApplication : Application run failed
org.springframework.beans.factory.BeanCreationException: Error creating bean with name 'inventoryStockServiceApplication': Injection of autowired dependencies failed; nested exception is java.lang.IllegalArgumentException: Could not resolve placeholder 'swagger.url' in value "${swagger.url}"
	at org.springframework.beans.factory.annotation.AutowiredAnnotationBeanPostProcessor.postProcessProperties(AutowiredAnnotationBeanPostProcessor.java:405)
	at org.springframework.beans.factory.support.AbstractAutowireCapableBeanFactory.populateBean(AbstractAutowireCapableBeanFactory.java:1413)
	at org.springframework.beans.factory.support.AbstractAutowireCapableBeanFactory.doCreateBean(AbstractAutowireCapableBeanFactory.java:601)
	at org.springframework.beans.factory.support.AbstractAutowireCapableBeanFactory.createBean(AbstractAutowireCapableBeanFactory.java:524)
	at org.springframework.beans.factory.support.AbstractBeanFactory.lambda$doGetBean$0(AbstractBeanFactory.java:335)
	at org.springframework.beans.factory.support.DefaultSingletonBeanRegistry.getSingleton(DefaultSingletonBeanRegistry.java:234)
	at org.springframework.beans.factory.support.AbstractBeanFactory.doGetBean(AbstractBeanFactory.java:333)
	at org.springframework.beans.factory.support.AbstractBeanFactory.getBean(AbstractBeanFactory.java:208)
	at org.springframework.beans.factory.support.DefaultListableBeanFactory.preInstantiateSingletons(DefaultListableBeanFactory.java:944)
	at org.springframework.context.support.AbstractApplicationContext.finishBeanFactoryInitialization(AbstractApplicationContext.java:918)
	at org.springframework.context.support.AbstractApplicationContext.refresh(AbstractApplicationContext.java:583)
	at org.springframework.boot.web.servlet.context.ServletWebServerApplicationContext.refresh(ServletWebServerApplicationContext.java:144)
	at org.springframework.boot.SpringApplication.refresh(SpringApplication.java:782)
	at org.springframework.boot.SpringApplication.refresh(SpringApplication.java:774)
	at org.springframework.boot.SpringApplication.refreshContext(SpringApplication.java:439)
	at org.springframework.boot.SpringApplication.run(SpringApplication.java:339)
	at org.springframework.boot.SpringApplication.run(SpringApplication.java:1340)
	at org.springframework.boot.SpringApplication.run(SpringApplication.java:1329)
	at com.ros.inventory.InventoryStockServiceApplication.main(InventoryStockServiceApplication.java:70)
	at java.base/jdk.internal.reflect.NativeMethodAccessorImpl.invoke0(Native Method)
	at java.base/jdk.internal.reflect.NativeMethodAccessorImpl.invoke(NativeMethodAccessorImpl.java:77)
	at java.base/jdk.internal.reflect.DelegatingMethodAccessorImpl.invoke(DelegatingMethodAccessorImpl.java:43)
	at java.base/java.lang.reflect.Method.invoke(Method.java:568)
	at org.springframework.boot.devtools.restart.RestartLauncher.run(RestartLauncher.java:49)
Caused by: java.lang.IllegalArgumentException: Could not resolve placeholder 'swagger.url' in value "${swagger.url}"
	at org.springframework.util.PropertyPlaceholderHelper.parseStringValue(PropertyPlaceholderHelper.java:178)
	at org.springframework.util.PropertyPlaceholderHelper.replacePlaceholders(PropertyPlaceholderHelper.java:124)
	at org.springframework.core.env.AbstractPropertyResolver.doResolvePlaceholders(AbstractPropertyResolver.java:239)
	at org.springframework.core.env.AbstractPropertyResolver.resolveRequiredPlaceholders(AbstractPropertyResolver.java:210)
	at org.springframework.context.support.PropertySourcesPlaceholderConfigurer.lambda$processProperties$0(PropertySourcesPlaceholderConfigurer.java:175)
	at org.springframework.beans.factory.support.AbstractBeanFactory.resolveEmbeddedValue(AbstractBeanFactory.java:936)
	at org.springframework.beans.factory.support.DefaultListableBeanFactory.doResolveDependency(DefaultListableBeanFactory.java:1321)
	at org.springframework.beans.factory.support.DefaultListableBeanFactory.resolveDependency(DefaultListableBeanFactory.java:1300)
	at org.springframework.beans.factory.annotation.AutowiredAnnotationBeanPostProcessor$AutowiredFieldElement.resolveFieldValue(AutowiredAnnotationBeanPostProcessor.java:657)
	at org.springframework.beans.factory.annotation.AutowiredAnnotationBeanPostProcessor$AutowiredFieldElement.inject(AutowiredAnnotationBeanPostProcessor.java:640)
	at org.springframework.beans.factory.annotation.InjectionMetadata.inject(InjectionMetadata.java:119)
	at org.springframework.beans.factory.annotation.AutowiredAnnotationBeanPostProcessor.postProcessProperties(AutowiredAnnotationBeanPostProcessor.java:399)
	... 23 common frames omitted
2022-09-20 18:51:25,669 INFO  [restartedMain] com.ros.inventory.InventoryStockServiceApplication : Starting InventoryStockServiceApplication using Java 17.0.2 on DESKTOP-VAHVOAK with PID 14640 (E:\careerlabs\ROS\inventory\Inventory-Service\target\classes started by ADMIN in E:\careerlabs\ROS\inventory\Inventory-Service)
2022-09-20 18:51:25,673 DEBUG [restartedMain] com.ros.inventory.InventoryStockServiceApplication : Running with Spring Boot v2.4.5, Spring v5.3.6
2022-09-20 18:51:25,673 INFO  [restartedMain] com.ros.inventory.InventoryStockServiceApplication : The following profiles are active: local
2022-09-20 18:51:25,746 INFO  [restartedMain] org.springframework.boot.devtools.env.DevToolsPropertyDefaultsPostProcessor : Devtools property defaults active! Set 'spring.devtools.add-properties' to 'false' to disable
2022-09-20 18:51:25,746 INFO  [restartedMain] org.springframework.boot.devtools.env.DevToolsPropertyDefaultsPostProcessor : For additional web related logging consider setting the 'logging.level.web' property to 'DEBUG'
2022-09-20 18:51:27,276 INFO  [restartedMain] org.springframework.data.repository.config.RepositoryConfigurationDelegate : Bootstrapping Spring Data JPA repositories in DEFAULT mode.
2022-09-20 18:51:27,530 INFO  [restartedMain] org.springframework.data.repository.config.RepositoryConfigurationDelegate : Finished Spring Data repository scanning in 244 ms. Found 7 JPA repository interfaces.
2022-09-20 18:51:27,954 INFO  [restartedMain] org.springframework.cloud.context.scope.GenericScope : BeanFactory id=c80acf75-d7fc-39fd-92f3-a8949e2d97cb
2022-09-20 18:51:28,772 INFO  [restartedMain] org.springframework.boot.web.embedded.tomcat.TomcatWebServer : Tomcat initialized with port(s): 8080 (http)
2022-09-20 18:51:28,784 INFO  [restartedMain] org.apache.catalina.core.StandardService : Starting service [Tomcat]
2022-09-20 18:51:28,784 INFO  [restartedMain] org.apache.catalina.core.StandardEngine : Starting Servlet engine: [Apache Tomcat/9.0.45]
2022-09-20 18:51:28,937 INFO  [restartedMain] org.apache.catalina.core.ContainerBase.[Tomcat].[localhost].[/stock] : Initializing Spring embedded WebApplicationContext
2022-09-20 18:51:28,937 INFO  [restartedMain] org.springframework.boot.web.servlet.context.ServletWebServerApplicationContext : Root WebApplicationContext: initialization completed in 3190 ms
2022-09-20 18:51:29,508 INFO  [restartedMain] org.hibernate.jpa.internal.util.LogHelper : HHH000204: Processing PersistenceUnitInfo [name: default]
2022-09-20 18:51:29,569 INFO  [restartedMain] org.hibernate.Version : HHH000412: Hibernate ORM core version 5.4.30.Final
2022-09-20 18:51:29,730 INFO  [restartedMain] org.hibernate.annotations.common.Version : HCANN000001: Hibernate Commons Annotations {5.1.2.Final}
2022-09-20 18:51:29,854 INFO  [restartedMain] com.zaxxer.hikari.HikariDataSource : HikariPool-1 - Starting...
2022-09-20 18:51:30,290 INFO  [restartedMain] com.zaxxer.hikari.HikariDataSource : HikariPool-1 - Start completed.
2022-09-20 18:51:30,329 INFO  [restartedMain] org.hibernate.dialect.Dialect : HHH000400: Using dialect: org.hibernate.dialect.PostgreSQL10Dialect
2022-09-20 18:51:34,561 INFO  [restartedMain] org.hibernate.engine.transaction.jta.platform.internal.JtaPlatformInitiator : HHH000490: Using JtaPlatform implementation: [org.hibernate.engine.transaction.jta.platform.internal.NoJtaPlatform]
2022-09-20 18:51:34,577 INFO  [restartedMain] org.springframework.orm.jpa.LocalContainerEntityManagerFactoryBean : Initialized JPA EntityManagerFactory for persistence unit 'default'
2022-09-20 18:51:34,706 INFO  [restartedMain] org.springframework.boot.devtools.autoconfigure.OptionalLiveReloadServer : LiveReload server is running on port 35729
2022-09-20 18:51:35,910 WARN  [restartedMain] org.springframework.boot.autoconfigure.orm.jpa.JpaBaseConfiguration$JpaWebConfiguration : spring.jpa.open-in-view is enabled by default. Therefore, database queries may be performed during view rendering. Explicitly configure spring.jpa.open-in-view to disable this warning
2022-09-20 18:51:36,378 INFO  [restartedMain] org.springframework.scheduling.concurrent.ThreadPoolTaskExecutor : Initializing ExecutorService 'applicationTaskExecutor'
2022-09-20 18:51:39,845 INFO  [RMI TCP Connection(3)-127.0.0.1] org.apache.catalina.core.ContainerBase.[Tomcat].[localhost].[/stock] : Initializing Spring DispatcherServlet 'dispatcherServlet'
2022-09-20 18:51:39,845 INFO  [RMI TCP Connection(3)-127.0.0.1] org.springframework.web.servlet.DispatcherServlet : Initializing Servlet 'dispatcherServlet'
2022-09-20 18:51:39,952 INFO  [restartedMain] org.springframework.cloud.netflix.eureka.config.DiscoveryClientOptionalArgsConfiguration : Eureka HTTP Client uses RestTemplate.
2022-09-20 18:51:39,993 INFO  [RMI TCP Connection(3)-127.0.0.1] org.springframework.boot.actuate.endpoint.web.EndpointLinksResolver : Exposing 2 endpoint(s) beneath base path '/actuator'
2022-09-20 18:51:40,032 INFO  [RMI TCP Connection(3)-127.0.0.1] org.springframework.web.servlet.DispatcherServlet : Completed initialization in 187 ms
2022-09-20 18:51:40,315 WARN  [restartedMain] org.springframework.cloud.loadbalancer.config.LoadBalancerCacheAutoConfiguration$LoadBalancerCaffeineWarnLogger : Spring Cloud LoadBalancer is currently working with the default cache. You can switch to using Caffeine cache, by adding it and org.springframework.cache.caffeine.CaffeineCacheManager to the classpath.
2022-09-20 18:51:40,455 INFO  [restartedMain] org.springframework.cloud.netflix.eureka.InstanceInfoFactory : Setting initial instance status as: STARTING
2022-09-20 18:51:40,604 INFO  [restartedMain] com.netflix.discovery.DiscoveryClient : Initializing Eureka in region us-east-1
2022-09-20 18:51:40,605 INFO  [restartedMain] com.netflix.discovery.DiscoveryClient : Client configured to neither register nor query for data.
2022-09-20 18:51:40,635 INFO  [restartedMain] com.netflix.discovery.DiscoveryClient : Discovery Client initialized at timestamp 1663680100634 with initial instances count: 0
2022-09-20 18:51:40,645 INFO  [restartedMain] org.springframework.cloud.netflix.eureka.serviceregistry.EurekaServiceRegistry : Registering application STOCK-SERVICE with eureka with status UP
2022-09-20 18:51:40,848 INFO  [restartedMain] org.springframework.boot.web.embedded.tomcat.TomcatWebServer : Tomcat started on port(s): 8080 (http) with context path '/stock'
2022-09-20 18:51:40,850 INFO  [restartedMain] org.springframework.cloud.netflix.eureka.serviceregistry.EurekaAutoServiceRegistration : Updating port to 8080
2022-09-20 18:51:41,154 INFO  [restartedMain] com.ros.inventory.InventoryStockServiceApplication : Started InventoryStockServiceApplication in 16.618 seconds (JVM running for 17.805)
2022-09-20 18:52:54,612 INFO  [http-nio-8080-exec-8] org.springdoc.api.AbstractOpenApiResource : Init duration for springdoc-openapi is: 684 ms
2022-09-20 18:56:14,226 INFO  [RMI TCP Connection(10)-127.0.0.1] org.springframework.boot.admin.SpringApplicationAdminMXBeanRegistrar$SpringApplicationAdmin : Application shutdown requested.
2022-09-20 18:56:14,228 INFO  [RMI TCP Connection(10)-127.0.0.1] org.springframework.cloud.netflix.eureka.serviceregistry.EurekaServiceRegistry : Unregistering application STOCK-SERVICE with eureka with status DOWN
2022-09-20 18:56:14,329 INFO  [RMI TCP Connection(10)-127.0.0.1] org.springframework.scheduling.concurrent.ThreadPoolTaskExecutor : Shutting down ExecutorService 'applicationTaskExecutor'
2022-09-20 18:56:14,340 INFO  [RMI TCP Connection(10)-127.0.0.1] org.springframework.orm.jpa.LocalContainerEntityManagerFactoryBean : Closing JPA EntityManagerFactory for persistence unit 'default'
2022-09-20 18:56:14,346 INFO  [RMI TCP Connection(10)-127.0.0.1] com.zaxxer.hikari.HikariDataSource : HikariPool-1 - Shutdown initiated...
2022-09-20 18:56:14,356 INFO  [RMI TCP Connection(10)-127.0.0.1] com.zaxxer.hikari.HikariDataSource : HikariPool-1 - Shutdown completed.
2022-09-20 18:56:14,359 INFO  [RMI TCP Connection(10)-127.0.0.1] com.netflix.discovery.DiscoveryClient : Shutting down DiscoveryClient ...
2022-09-20 18:56:14,405 INFO  [RMI TCP Connection(10)-127.0.0.1] com.netflix.discovery.DiscoveryClient : Completed shut down of DiscoveryClient
2022-09-20 18:58:57,250 INFO  [restartedMain] com.ros.inventory.InventoryStockServiceApplication : Starting InventoryStockServiceApplication using Java 17.0.2 on DESKTOP-VAHVOAK with PID 12088 (E:\careerlabs\ROS\inventory\Inventory-Service\target\classes started by ADMIN in E:\careerlabs\ROS\inventory\Inventory-Service)
2022-09-20 18:58:57,253 DEBUG [restartedMain] com.ros.inventory.InventoryStockServiceApplication : Running with Spring Boot v2.4.5, Spring v5.3.6
2022-09-20 18:58:57,254 INFO  [restartedMain] com.ros.inventory.InventoryStockServiceApplication : The following profiles are active: local
2022-09-20 18:58:57,318 INFO  [restartedMain] org.springframework.boot.devtools.env.DevToolsPropertyDefaultsPostProcessor : Devtools property defaults active! Set 'spring.devtools.add-properties' to 'false' to disable
2022-09-20 18:58:57,318 INFO  [restartedMain] org.springframework.boot.devtools.env.DevToolsPropertyDefaultsPostProcessor : For additional web related logging consider setting the 'logging.level.web' property to 'DEBUG'
2022-09-20 18:58:59,111 INFO  [restartedMain] org.springframework.data.repository.config.RepositoryConfigurationDelegate : Bootstrapping Spring Data JPA repositories in DEFAULT mode.
2022-09-20 18:58:59,562 INFO  [restartedMain] org.springframework.data.repository.config.RepositoryConfigurationDelegate : Finished Spring Data repository scanning in 439 ms. Found 7 JPA repository interfaces.
2022-09-20 18:59:00,002 INFO  [restartedMain] org.springframework.cloud.context.scope.GenericScope : BeanFactory id=c80acf75-d7fc-39fd-92f3-a8949e2d97cb
2022-09-20 18:59:02,662 INFO  [restartedMain] org.springframework.boot.web.embedded.tomcat.TomcatWebServer : Tomcat initialized with port(s): 8080 (http)
2022-09-20 18:59:02,862 INFO  [restartedMain] org.apache.catalina.core.StandardService : Starting service [Tomcat]
2022-09-20 18:59:02,862 INFO  [restartedMain] org.apache.catalina.core.StandardEngine : Starting Servlet engine: [Apache Tomcat/9.0.45]
2022-09-20 18:59:03,284 INFO  [restartedMain] org.apache.catalina.core.ContainerBase.[Tomcat].[localhost].[/stock] : Initializing Spring embedded WebApplicationContext
2022-09-20 18:59:03,285 INFO  [restartedMain] org.springframework.boot.web.servlet.context.ServletWebServerApplicationContext : Root WebApplicationContext: initialization completed in 5966 ms
2022-09-20 18:59:05,689 INFO  [restartedMain] org.hibernate.jpa.internal.util.LogHelper : HHH000204: Processing PersistenceUnitInfo [name: default]
2022-09-20 18:59:07,402 INFO  [restartedMain] org.hibernate.Version : HHH000412: Hibernate ORM core version 5.4.30.Final
2022-09-20 18:59:09,772 INFO  [restartedMain] org.hibernate.annotations.common.Version : HCANN000001: Hibernate Commons Annotations {5.1.2.Final}
2022-09-20 18:59:10,661 INFO  [restartedMain] com.zaxxer.hikari.HikariDataSource : HikariPool-1 - Starting...
2022-09-20 18:59:10,933 INFO  [restartedMain] com.zaxxer.hikari.HikariDataSource : HikariPool-1 - Start completed.
2022-09-20 18:59:11,187 INFO  [restartedMain] org.hibernate.dialect.Dialect : HHH000400: Using dialect: org.hibernate.dialect.PostgreSQL10Dialect
2022-09-20 18:59:13,395 INFO  [restartedMain] org.hibernate.engine.transaction.jta.platform.internal.JtaPlatformInitiator : HHH000490: Using JtaPlatform implementation: [org.hibernate.engine.transaction.jta.platform.internal.NoJtaPlatform]
2022-09-20 18:59:13,417 INFO  [restartedMain] org.springframework.orm.jpa.LocalContainerEntityManagerFactoryBean : Initialized JPA EntityManagerFactory for persistence unit 'default'
2022-09-20 18:59:13,499 INFO  [restartedMain] org.springframework.boot.devtools.autoconfigure.OptionalLiveReloadServer : LiveReload server is running on port 35729
2022-09-20 18:59:14,640 WARN  [restartedMain] org.springframework.boot.autoconfigure.orm.jpa.JpaBaseConfiguration$JpaWebConfiguration : spring.jpa.open-in-view is enabled by default. Therefore, database queries may be performed during view rendering. Explicitly configure spring.jpa.open-in-view to disable this warning
2022-09-20 18:59:15,058 INFO  [restartedMain] org.springframework.scheduling.concurrent.ThreadPoolTaskExecutor : Initializing ExecutorService 'applicationTaskExecutor'
2022-09-20 18:59:18,248 INFO  [restartedMain] org.springframework.cloud.netflix.eureka.config.DiscoveryClientOptionalArgsConfiguration : Eureka HTTP Client uses RestTemplate.
2022-09-20 18:59:18,391 WARN  [restartedMain] org.springframework.cloud.loadbalancer.config.LoadBalancerCacheAutoConfiguration$LoadBalancerCaffeineWarnLogger : Spring Cloud LoadBalancer is currently working with the default cache. You can switch to using Caffeine cache, by adding it and org.springframework.cache.caffeine.CaffeineCacheManager to the classpath.
2022-09-20 18:59:18,405 INFO  [restartedMain] org.springframework.boot.actuate.endpoint.web.EndpointLinksResolver : Exposing 2 endpoint(s) beneath base path '/actuator'
2022-09-20 18:59:18,553 INFO  [restartedMain] org.springframework.cloud.netflix.eureka.InstanceInfoFactory : Setting initial instance status as: STARTING
2022-09-20 18:59:18,624 INFO  [restartedMain] com.netflix.discovery.DiscoveryClient : Initializing Eureka in region us-east-1
2022-09-20 18:59:18,624 INFO  [restartedMain] com.netflix.discovery.DiscoveryClient : Client configured to neither register nor query for data.
2022-09-20 18:59:18,642 INFO  [restartedMain] com.netflix.discovery.DiscoveryClient : Discovery Client initialized at timestamp 1663680558640 with initial instances count: 0
2022-09-20 18:59:18,654 INFO  [restartedMain] org.springframework.cloud.netflix.eureka.serviceregistry.EurekaServiceRegistry : Registering application STOCK-SERVICE with eureka with status UP
2022-09-20 18:59:18,699 INFO  [restartedMain] org.springframework.boot.web.embedded.tomcat.TomcatWebServer : Tomcat started on port(s): 8080 (http) with context path '/stock'
2022-09-20 18:59:18,700 INFO  [restartedMain] org.springframework.cloud.netflix.eureka.serviceregistry.EurekaAutoServiceRegistration : Updating port to 8080
2022-09-20 18:59:19,061 INFO  [restartedMain] com.ros.inventory.InventoryStockServiceApplication : Started InventoryStockServiceApplication in 22.761 seconds (JVM running for 23.977)
2022-09-20 18:59:19,195 INFO  [RMI TCP Connection(3)-127.0.0.1] org.apache.catalina.core.ContainerBase.[Tomcat].[localhost].[/stock] : Initializing Spring DispatcherServlet 'dispatcherServlet'
2022-09-20 18:59:19,195 INFO  [RMI TCP Connection(3)-127.0.0.1] org.springframework.web.servlet.DispatcherServlet : Initializing Servlet 'dispatcherServlet'
2022-09-20 18:59:19,197 INFO  [RMI TCP Connection(3)-127.0.0.1] org.springframework.web.servlet.DispatcherServlet : Completed initialization in 2 ms
2022-09-20 19:00:50,544 INFO  [RMI TCP Connection(6)-127.0.0.1] org.springframework.boot.admin.SpringApplicationAdminMXBeanRegistrar$SpringApplicationAdmin : Application shutdown requested.
2022-09-20 19:00:50,545 INFO  [RMI TCP Connection(6)-127.0.0.1] org.springframework.cloud.netflix.eureka.serviceregistry.EurekaServiceRegistry : Unregistering application STOCK-SERVICE with eureka with status DOWN
2022-09-20 19:00:50,589 INFO  [RMI TCP Connection(6)-127.0.0.1] org.springframework.scheduling.concurrent.ThreadPoolTaskExecutor : Shutting down ExecutorService 'applicationTaskExecutor'
2022-09-20 19:00:50,599 INFO  [RMI TCP Connection(6)-127.0.0.1] org.springframework.orm.jpa.LocalContainerEntityManagerFactoryBean : Closing JPA EntityManagerFactory for persistence unit 'default'
2022-09-20 19:00:50,606 INFO  [RMI TCP Connection(6)-127.0.0.1] com.zaxxer.hikari.HikariDataSource : HikariPool-1 - Shutdown initiated...
2022-09-20 19:00:50,613 INFO  [RMI TCP Connection(6)-127.0.0.1] com.zaxxer.hikari.HikariDataSource : HikariPool-1 - Shutdown completed.
2022-09-20 19:00:50,615 INFO  [RMI TCP Connection(6)-127.0.0.1] com.netflix.discovery.DiscoveryClient : Shutting down DiscoveryClient ...
2022-09-20 19:00:50,704 INFO  [RMI TCP Connection(6)-127.0.0.1] com.netflix.discovery.DiscoveryClient : Completed shut down of DiscoveryClient
